<?xml version="1.0" encoding="UTF-8"?>
<testsuite name="com.areyoutalkingtome.service.MessageServiceTest" tests="3" skipped="0" failures="0" errors="0" timestamp="2016-03-30T21:40:04" hostname="awesome" time="0.094">
  <properties/>
  <testcase name="addReceiver" classname="com.areyoutalkingtome.service.MessageServiceTest" time="0.017"/>
  <testcase name="sendMessages" classname="com.areyoutalkingtome.service.MessageServiceTest" time="0.003"/>
  <testcase name="saveMessage" classname="com.areyoutalkingtome.service.MessageServiceTest" time="0.07"/>
  <system-out><![CDATA[2016-03-31 08:40:04.536  INFO 1723 --- [    Test worker] o.s.t.c.support.AbstractContextLoader    : Could not detect default resource locations for test class [com.areyoutalkingtome.service.MessageServiceTest]: no resource found for suffixes {-context.xml, Context.groovy}.
2016-03-31 08:40:04.539  INFO 1723 --- [    Test worker] o.s.t.c.web.WebTestContextBootstrapper   : Loaded default TestExecutionListener class names from location [META-INF/spring.factories]: [org.springframework.test.context.web.ServletTestExecutionListener, org.springframework.test.context.support.DirtiesContextBeforeModesTestExecutionListener, org.springframework.test.context.support.DependencyInjectionTestExecutionListener, org.springframework.test.context.support.DirtiesContextTestExecutionListener, org.springframework.test.context.transaction.TransactionalTestExecutionListener, org.springframework.test.context.jdbc.SqlScriptsTestExecutionListener]
2016-03-31 08:40:04.540  INFO 1723 --- [    Test worker] o.s.t.c.web.WebTestContextBootstrapper   : Using TestExecutionListeners: [org.springframework.test.context.web.ServletTestExecutionListener@281749a5, org.springframework.test.context.support.DirtiesContextBeforeModesTestExecutionListener@a50ff68, org.springframework.test.context.support.DependencyInjectionTestExecutionListener@202c1e75, org.springframework.test.context.support.DirtiesContextTestExecutionListener@514745ea, org.springframework.test.context.transaction.TransactionalTestExecutionListener@438f6406, org.springframework.test.context.jdbc.SqlScriptsTestExecutionListener@4e2978a0]
2016-03-31 08:40:04.559  INFO 1723 --- [    Test worker] o.s.t.c.transaction.TransactionContext   : Began transaction (1) for test context [DefaultTestContext@65b5749f testClass = MessageServiceTest, testInstance = com.areyoutalkingtome.service.MessageServiceTest@5d22837b, testMethod = addReceiver@MessageServiceTest, testException = [null], mergedContextConfiguration = [WebMergedContextConfiguration@e3618a6 testClass = MessageServiceTest, locations = '{}', classes = '{class com.areyoutalkingtome.AreYouTalkingToMeApplication}', contextInitializerClasses = '[]', activeProfiles = '{}', propertySourceLocations = '{}', propertySourceProperties = '{}', resourceBasePath = 'src/main/webapp', contextLoader = 'org.springframework.boot.test.SpringApplicationContextLoader', parent = [null]]]; transaction manager [org.springframework.orm.jpa.JpaTransactionManager@11fa74f3]; rollback [true]
2016-03-31 08:40:04.567  INFO 1723 --- [    Test worker] c.a.service.MessageService               : Saving message: RUMessage{id=0, origin='me', body='another message', timeSent=2016-03-31 08:40:04.56}
Saving message: RUMessage{id=0, origin='me', body='another message', timeSent=2016-03-31 08:40:04.56}
Hibernate: insert into rumessage (body, origin, time_sent) values (?, ?, ?)
Hibernate: insert into rureceiver (message_id, name, time) values (?, ?, ?)
2016-03-31 08:40:04.574  INFO 1723 --- [    Test worker] o.s.t.c.transaction.TransactionContext   : Rolled back transaction for test context [DefaultTestContext@65b5749f testClass = MessageServiceTest, testInstance = com.areyoutalkingtome.service.MessageServiceTest@5d22837b, testMethod = addReceiver@MessageServiceTest, testException = [null], mergedContextConfiguration = [WebMergedContextConfiguration@e3618a6 testClass = MessageServiceTest, locations = '{}', classes = '{class com.areyoutalkingtome.AreYouTalkingToMeApplication}', contextInitializerClasses = '[]', activeProfiles = '{}', propertySourceLocations = '{}', propertySourceProperties = '{}', resourceBasePath = 'src/main/webapp', contextLoader = 'org.springframework.boot.test.SpringApplicationContextLoader', parent = [null]]].
2016-03-31 08:40:04.576  INFO 1723 --- [    Test worker] o.s.t.c.transaction.TransactionContext   : Began transaction (1) for test context [DefaultTestContext@65b5749f testClass = MessageServiceTest, testInstance = com.areyoutalkingtome.service.MessageServiceTest@4355dc79, testMethod = sendMessages@MessageServiceTest, testException = [null], mergedContextConfiguration = [WebMergedContextConfiguration@e3618a6 testClass = MessageServiceTest, locations = '{}', classes = '{class com.areyoutalkingtome.AreYouTalkingToMeApplication}', contextInitializerClasses = '[]', activeProfiles = '{}', propertySourceLocations = '{}', propertySourceProperties = '{}', resourceBasePath = 'src/main/webapp', contextLoader = 'org.springframework.boot.test.SpringApplicationContextLoader', parent = [null]]]; transaction manager [org.springframework.orm.jpa.JpaTransactionManager@11fa74f3]; rollback [true]
2016-03-31 08:40:04.578  INFO 1723 --- [    Test worker] o.s.t.c.transaction.TransactionContext   : Rolled back transaction for test context [DefaultTestContext@65b5749f testClass = MessageServiceTest, testInstance = com.areyoutalkingtome.service.MessageServiceTest@4355dc79, testMethod = sendMessages@MessageServiceTest, testException = [null], mergedContextConfiguration = [WebMergedContextConfiguration@e3618a6 testClass = MessageServiceTest, locations = '{}', classes = '{class com.areyoutalkingtome.AreYouTalkingToMeApplication}', contextInitializerClasses = '[]', activeProfiles = '{}', propertySourceLocations = '{}', propertySourceProperties = '{}', resourceBasePath = 'src/main/webapp', contextLoader = 'org.springframework.boot.test.SpringApplicationContextLoader', parent = [null]]].
2016-03-31 08:40:04.591  INFO 1723 --- [    Test worker] o.s.t.c.transaction.TransactionContext   : Began transaction (1) for test context [DefaultTestContext@65b5749f testClass = MessageServiceTest, testInstance = com.areyoutalkingtome.service.MessageServiceTest@1a602d14, testMethod = saveMessage@MessageServiceTest, testException = [null], mergedContextConfiguration = [WebMergedContextConfiguration@e3618a6 testClass = MessageServiceTest, locations = '{}', classes = '{class com.areyoutalkingtome.AreYouTalkingToMeApplication}', contextInitializerClasses = '[]', activeProfiles = '{}', propertySourceLocations = '{}', propertySourceProperties = '{}', resourceBasePath = 'src/main/webapp', contextLoader = 'org.springframework.boot.test.SpringApplicationContextLoader', parent = [null]]]; transaction manager [org.springframework.orm.jpa.JpaTransactionManager@11fa74f3]; rollback [true]
2016-03-31 08:40:04.593  INFO 1723 --- [    Test worker] c.a.service.MessageService               : Saving message: RUMessage{id=0, origin='me', body='message sample', timeSent=2016-03-31 08:40:04.593}
Saving message: RUMessage{id=0, origin='me', body='message sample', timeSent=2016-03-31 08:40:04.593}
Hibernate: insert into rumessage (body, origin, time_sent) values (?, ?, ?)
Hibernate: insert into rureceiver (message_id, name, time) values (?, ?, ?)
2016-03-31 08:40:04.642  INFO 1723 --- [    Test worker] o.s.t.c.transaction.TransactionContext   : Rolled back transaction for test context [DefaultTestContext@65b5749f testClass = MessageServiceTest, testInstance = com.areyoutalkingtome.service.MessageServiceTest@1a602d14, testMethod = saveMessage@MessageServiceTest, testException = [null], mergedContextConfiguration = [WebMergedContextConfiguration@e3618a6 testClass = MessageServiceTest, locations = '{}', classes = '{class com.areyoutalkingtome.AreYouTalkingToMeApplication}', contextInitializerClasses = '[]', activeProfiles = '{}', propertySourceLocations = '{}', propertySourceProperties = '{}', resourceBasePath = 'src/main/webapp', contextLoader = 'org.springframework.boot.test.SpringApplicationContextLoader', parent = [null]]].
]]></system-out>
  <system-err><![CDATA[]]></system-err>
</testsuite>
