<?xml version="1.0" encoding="UTF-8"?>
<testsuite name="com.areyoutalkingtome.controller.HealthControllerTest" tests="1" skipped="0" failures="0" errors="0" timestamp="2016-03-30T21:38:48" hostname="awesome" time="75.595">
  <properties/>
  <testcase name="testInboundPostRequest" classname="com.areyoutalkingtome.controller.HealthControllerTest" time="75.595"/>
  <system-out><![CDATA[2016-03-31 08:38:48.467  INFO 1723 --- [    Test worker] o.s.t.c.support.AbstractContextLoader    : Could not detect default resource locations for test class [com.areyoutalkingtome.controller.HealthControllerTest]: no resource found for suffixes {-context.xml, Context.groovy}.
2016-03-31 08:38:48.475  INFO 1723 --- [    Test worker] o.s.t.c.web.WebTestContextBootstrapper   : Loaded default TestExecutionListener class names from location [META-INF/spring.factories]: [org.springframework.test.context.web.ServletTestExecutionListener, org.springframework.test.context.support.DirtiesContextBeforeModesTestExecutionListener, org.springframework.test.context.support.DependencyInjectionTestExecutionListener, org.springframework.test.context.support.DirtiesContextTestExecutionListener, org.springframework.test.context.transaction.TransactionalTestExecutionListener, org.springframework.test.context.jdbc.SqlScriptsTestExecutionListener]
2016-03-31 08:38:48.477  INFO 1723 --- [    Test worker] o.s.t.c.web.WebTestContextBootstrapper   : Using TestExecutionListeners: [org.springframework.test.context.web.ServletTestExecutionListener@143530f1, org.springframework.test.context.support.DirtiesContextBeforeModesTestExecutionListener@754f6fa8, org.springframework.test.context.support.DependencyInjectionTestExecutionListener@1a1d6e09, org.springframework.test.context.support.DirtiesContextTestExecutionListener@55ec1e3, org.springframework.test.context.transaction.TransactionalTestExecutionListener@38d1cb01, org.springframework.test.context.jdbc.SqlScriptsTestExecutionListener@366dd19c]
2016-03-31 08:38:48.524  INFO 1723 --- [    Test worker] o.s.t.c.transaction.TransactionContext   : Began transaction (1) for test context [DefaultTestContext@34530cba testClass = HealthControllerTest, testInstance = com.areyoutalkingtome.controller.HealthControllerTest@26c50f2, testMethod = testInboundPostRequest@HealthControllerTest, testException = [null], mergedContextConfiguration = [WebMergedContextConfiguration@47f18c7e testClass = HealthControllerTest, locations = '{}', classes = '{class com.areyoutalkingtome.AreYouTalkingToMeApplication}', contextInitializerClasses = '[]', activeProfiles = '{}', propertySourceLocations = '{}', propertySourceProperties = '{}', resourceBasePath = 'src/main/webapp', contextLoader = 'org.springframework.boot.test.SpringApplicationContextLoader', parent = [null]]]; transaction manager [org.springframework.orm.jpa.JpaTransactionManager@11fa74f3]; rollback [true]
2016-03-31 08:38:48.540  INFO 1723 --- [    Test worker] o.s.b.test.SpringBootMockServletContext  : Initializing Spring FrameworkServlet ''
2016-03-31 08:38:48.540  INFO 1723 --- [    Test worker] o.s.t.web.servlet.TestDispatcherServlet  : FrameworkServlet '': initialization started
2016-03-31 08:38:48.567  INFO 1723 --- [    Test worker] o.s.t.web.servlet.TestDispatcherServlet  : FrameworkServlet '': initialization completed in 27 ms
Hibernate: select rumessage0_.id as id1_0_, rumessage0_.body as body2_0_, rumessage0_.origin as origin3_0_, rumessage0_.time_sent as time_sen4_0_ from rumessage rumessage0_
Hibernate: insert into rumessage (body, origin, time_sent) values (?, ?, ?)
Hibernate: select rumessage0_.id as id1_0_, rumessage0_.body as body2_0_, rumessage0_.origin as origin3_0_, rumessage0_.time_sent as time_sen4_0_ from rumessage rumessage0_
Hibernate: select rumessage0_.id as id1_0_, rumessage0_.body as body2_0_, rumessage0_.origin as origin3_0_, rumessage0_.time_sent as time_sen4_0_ from rumessage rumessage0_
Hibernate: select rumessage0_.id as id1_0_, rumessage0_.body as body2_0_, rumessage0_.origin as origin3_0_, rumessage0_.time_sent as time_sen4_0_ from rumessage rumessage0_
2016-03-31 08:40:04.113  INFO 1723 --- [    Test worker] o.s.t.c.transaction.TransactionContext   : Rolled back transaction for test context [DefaultTestContext@34530cba testClass = HealthControllerTest, testInstance = com.areyoutalkingtome.controller.HealthControllerTest@26c50f2, testMethod = testInboundPostRequest@HealthControllerTest, testException = [null], mergedContextConfiguration = [WebMergedContextConfiguration@47f18c7e testClass = HealthControllerTest, locations = '{}', classes = '{class com.areyoutalkingtome.AreYouTalkingToMeApplication}', contextInitializerClasses = '[]', activeProfiles = '{}', propertySourceLocations = '{}', propertySourceProperties = '{}', resourceBasePath = 'src/main/webapp', contextLoader = 'org.springframework.boot.test.SpringApplicationContextLoader', parent = [null]]].
]]></system-out>
  <system-err><![CDATA[]]></system-err>
</testsuite>
