<?xml version="1.0" encoding="UTF-8"?>
<testsuite name="com.areyoutalkingtome.controller.RUControllerTest" tests="2" skipped="0" failures="0" errors="0" timestamp="2016-03-30T21:40:04" hostname="awesome" time="0.277">
  <properties/>
  <testcase name="testInboundPostRequest" classname="com.areyoutalkingtome.controller.RUControllerTest" time="0.155"/>
  <testcase name="createMessage" classname="com.areyoutalkingtome.controller.RUControllerTest" time="0.117"/>
  <system-out><![CDATA[2016-03-31 08:40:04.129  INFO 1723 --- [    Test worker] o.s.t.c.support.AbstractContextLoader    : Could not detect default resource locations for test class [com.areyoutalkingtome.controller.RUControllerTest]: no resource found for suffixes {-context.xml, Context.groovy}.
2016-03-31 08:40:04.132  INFO 1723 --- [    Test worker] o.s.t.c.web.WebTestContextBootstrapper   : Loaded default TestExecutionListener class names from location [META-INF/spring.factories]: [org.springframework.test.context.web.ServletTestExecutionListener, org.springframework.test.context.support.DirtiesContextBeforeModesTestExecutionListener, org.springframework.test.context.support.DependencyInjectionTestExecutionListener, org.springframework.test.context.support.DirtiesContextTestExecutionListener, org.springframework.test.context.transaction.TransactionalTestExecutionListener, org.springframework.test.context.jdbc.SqlScriptsTestExecutionListener]
2016-03-31 08:40:04.132  INFO 1723 --- [    Test worker] o.s.t.c.web.WebTestContextBootstrapper   : Using TestExecutionListeners: [org.springframework.test.context.web.ServletTestExecutionListener@22d131cf, org.springframework.test.context.support.DirtiesContextBeforeModesTestExecutionListener@47bc3e5, org.springframework.test.context.support.DependencyInjectionTestExecutionListener@39dd2f56, org.springframework.test.context.support.DirtiesContextTestExecutionListener@4ed4c61b, org.springframework.test.context.transaction.TransactionalTestExecutionListener@65a0d947, org.springframework.test.context.jdbc.SqlScriptsTestExecutionListener@3f1e5afd]
2016-03-31 08:40:04.158  INFO 1723 --- [    Test worker] o.s.t.c.transaction.TransactionContext   : Began transaction (1) for test context [DefaultTestContext@7e5922f testClass = RUControllerTest, testInstance = com.areyoutalkingtome.controller.RUControllerTest@64ec1975, testMethod = testInboundPostRequest@RUControllerTest, testException = [null], mergedContextConfiguration = [WebMergedContextConfiguration@6fe975d7 testClass = RUControllerTest, locations = '{}', classes = '{class com.areyoutalkingtome.AreYouTalkingToMeApplication}', contextInitializerClasses = '[]', activeProfiles = '{}', propertySourceLocations = '{}', propertySourceProperties = '{}', resourceBasePath = 'src/main/webapp', contextLoader = 'org.springframework.boot.test.SpringApplicationContextLoader', parent = [null]]]; transaction manager [org.springframework.orm.jpa.JpaTransactionManager@11fa74f3]; rollback [true]
2016-03-31 08:40:04.160  INFO 1723 --- [    Test worker] o.s.b.test.SpringBootMockServletContext  : Initializing Spring FrameworkServlet ''
2016-03-31 08:40:04.162  INFO 1723 --- [    Test worker] o.s.t.web.servlet.TestDispatcherServlet  : FrameworkServlet '': initialization started
2016-03-31 08:40:04.172  INFO 1723 --- [    Test worker] o.s.t.web.servlet.TestDispatcherServlet  : FrameworkServlet '': initialization completed in 7 ms
2016-03-31 08:40:04.251  INFO 1723 --- [    Test worker] c.a.service.MessageService               : Saving message: RUMessage{id=0, origin='a user', body='another message', timeSent=2016-03-31 08:40:04.172}
Saving message: RUMessage{id=0, origin='a user', body='another message', timeSent=2016-03-31 08:40:04.172}
Hibernate: insert into rumessage (body, origin, time_sent) values (?, ?, ?)
Hibernate: insert into rureceiver (message_id, name, time) values (?, ?, ?)
2016-03-31 08:40:04.307  INFO 1723 --- [    Test worker] o.s.t.c.transaction.TransactionContext   : Rolled back transaction for test context [DefaultTestContext@7e5922f testClass = RUControllerTest, testInstance = com.areyoutalkingtome.controller.RUControllerTest@64ec1975, testMethod = testInboundPostRequest@RUControllerTest, testException = [null], mergedContextConfiguration = [WebMergedContextConfiguration@6fe975d7 testClass = RUControllerTest, locations = '{}', classes = '{class com.areyoutalkingtome.AreYouTalkingToMeApplication}', contextInitializerClasses = '[]', activeProfiles = '{}', propertySourceLocations = '{}', propertySourceProperties = '{}', resourceBasePath = 'src/main/webapp', contextLoader = 'org.springframework.boot.test.SpringApplicationContextLoader', parent = [null]]].
2016-03-31 08:40:04.328  INFO 1723 --- [    Test worker] o.s.t.c.transaction.TransactionContext   : Began transaction (1) for test context [DefaultTestContext@7e5922f testClass = RUControllerTest, testInstance = com.areyoutalkingtome.controller.RUControllerTest@c256341, testMethod = createMessage@RUControllerTest, testException = [null], mergedContextConfiguration = [WebMergedContextConfiguration@6fe975d7 testClass = RUControllerTest, locations = '{}', classes = '{class com.areyoutalkingtome.AreYouTalkingToMeApplication}', contextInitializerClasses = '[]', activeProfiles = '{}', propertySourceLocations = '{}', propertySourceProperties = '{}', resourceBasePath = 'src/main/webapp', contextLoader = 'org.springframework.boot.test.SpringApplicationContextLoader', parent = [null]]]; transaction manager [org.springframework.orm.jpa.JpaTransactionManager@11fa74f3]; rollback [true]
2016-03-31 08:40:04.335  INFO 1723 --- [    Test worker] o.s.b.test.SpringBootMockServletContext  : Initializing Spring FrameworkServlet ''
2016-03-31 08:40:04.338  INFO 1723 --- [    Test worker] o.s.t.web.servlet.TestDispatcherServlet  : FrameworkServlet '': initialization started
2016-03-31 08:40:04.359  INFO 1723 --- [    Test worker] o.s.t.web.servlet.TestDispatcherServlet  : FrameworkServlet '': initialization completed in 18 ms
Hibernate: select count(*) as col_0_0_ from rumessage rumessage0_
2016-03-31 08:40:04.414  INFO 1723 --- [    Test worker] c.a.service.MessageService               : Saving message: RUMessage{id=0, origin='Massimo', body='this is a test message', timeSent=2016-03-31 08:40:04.37}
Saving message: RUMessage{id=0, origin='Massimo', body='this is a test message', timeSent=2016-03-31 08:40:04.37}
Hibernate: insert into rumessage (body, origin, time_sent) values (?, ?, ?)
Hibernate: insert into rureceiver (message_id, name, time) values (?, ?, ?)
Hibernate: select count(*) as col_0_0_ from rumessage rumessage0_
2016-03-31 08:40:04.431  INFO 1723 --- [    Test worker] o.s.t.c.transaction.TransactionContext   : Rolled back transaction for test context [DefaultTestContext@7e5922f testClass = RUControllerTest, testInstance = com.areyoutalkingtome.controller.RUControllerTest@c256341, testMethod = createMessage@RUControllerTest, testException = [null], mergedContextConfiguration = [WebMergedContextConfiguration@6fe975d7 testClass = RUControllerTest, locations = '{}', classes = '{class com.areyoutalkingtome.AreYouTalkingToMeApplication}', contextInitializerClasses = '[]', activeProfiles = '{}', propertySourceLocations = '{}', propertySourceProperties = '{}', resourceBasePath = 'src/main/webapp', contextLoader = 'org.springframework.boot.test.SpringApplicationContextLoader', parent = [null]]].
]]></system-out>
  <system-err><![CDATA[]]></system-err>
</testsuite>
