<?xml version="1.0" encoding="UTF-8"?>
<testsuite name="com.areyoutalkingtome.repo.RUMessageRepositoryTest" tests="0" skipped="0" failures="0" errors="0" timestamp="1970-01-01T00:00:00" hostname="awesome" time="0.0">
  <properties/>
  <system-out><![CDATA[12:43:53.295 [Test worker] DEBUG o.s.t.c.j.SpringJUnit4ClassRunner - SpringJUnit4ClassRunner constructor called with [class com.areyoutalkingtome.repo.RUMessageRepositoryTest]
12:43:53.298 [Test worker] DEBUG o.s.test.context.BootstrapUtils - Instantiating CacheAwareContextLoaderDelegate from class [org.springframework.test.context.cache.DefaultCacheAwareContextLoaderDelegate]
12:43:53.299 [Test worker] DEBUG o.s.test.context.BootstrapUtils - Instantiating BootstrapContext using constructor [public org.springframework.test.context.support.DefaultBootstrapContext(java.lang.Class,org.springframework.test.context.CacheAwareContextLoaderDelegate)]
12:43:53.302 [Test worker] DEBUG o.s.test.context.BootstrapUtils - Instantiating TestContextBootstrapper for test class [com.areyoutalkingtome.repo.RUMessageRepositoryTest] from class [org.springframework.test.context.web.WebTestContextBootstrapper]
12:43:53.306 [Test worker] DEBUG o.s.t.c.w.WebTestContextBootstrapper - Found explicit ContextLoader class [org.springframework.boot.test.SpringApplicationContextLoader] for context configuration attributes [ContextConfigurationAttributes@6c03ef33 declaringClass = 'com.areyoutalkingtome.repo.RUMessageRepositoryTest', classes = '{class com.areyoutalkingtome.AreYouTalkingToMeApplication}', locations = '{}', inheritLocations = true, initializers = '{}', inheritInitializers = true, name = [null], contextLoaderClass = 'org.springframework.boot.test.SpringApplicationContextLoader']
12:43:53.309 [Test worker] DEBUG o.s.t.c.s.AbstractContextLoader - Did not detect default resource location for test class [com.areyoutalkingtome.repo.RUMessageRepositoryTest]: class path resource [com/areyoutalkingtome/repo/RUMessageRepositoryTest-context.xml] does not exist
12:43:53.310 [Test worker] DEBUG o.s.t.c.s.AbstractContextLoader - Did not detect default resource location for test class [com.areyoutalkingtome.repo.RUMessageRepositoryTest]: class path resource [com/areyoutalkingtome/repo/RUMessageRepositoryTestContext.groovy] does not exist
12:43:53.311 [Test worker] INFO  o.s.t.c.s.AbstractContextLoader - Could not detect default resource locations for test class [com.areyoutalkingtome.repo.RUMessageRepositoryTest]: no resource found for suffixes {-context.xml, Context.groovy}.
12:43:53.313 [Test worker] DEBUG o.s.t.c.support.ActiveProfilesUtils - Could not find an 'annotation declaring class' for annotation type [org.springframework.test.context.ActiveProfiles] and class [com.areyoutalkingtome.repo.RUMessageRepositoryTest]
12:43:53.314 [Test worker] DEBUG o.s.t.c.w.WebTestContextBootstrapper - @TestExecutionListeners is not present for class [com.areyoutalkingtome.repo.RUMessageRepositoryTest]: using defaults.
12:43:53.319 [Test worker] INFO  o.s.t.c.w.WebTestContextBootstrapper - Loaded default TestExecutionListener class names from location [META-INF/spring.factories]: [org.springframework.test.context.web.ServletTestExecutionListener, org.springframework.test.context.support.DirtiesContextBeforeModesTestExecutionListener, org.springframework.test.context.support.DependencyInjectionTestExecutionListener, org.springframework.test.context.support.DirtiesContextTestExecutionListener, org.springframework.test.context.transaction.TransactionalTestExecutionListener, org.springframework.test.context.jdbc.SqlScriptsTestExecutionListener]
12:43:53.323 [Test worker] INFO  o.s.t.c.w.WebTestContextBootstrapper - Using TestExecutionListeners: [org.springframework.test.context.web.ServletTestExecutionListener@18564419, org.springframework.test.context.support.DirtiesContextBeforeModesTestExecutionListener@25801b71, org.springframework.test.context.support.DependencyInjectionTestExecutionListener@625c70f1, org.springframework.test.context.support.DirtiesContextTestExecutionListener@2048edac, org.springframework.test.context.transaction.TransactionalTestExecutionListener@a940330, org.springframework.test.context.jdbc.SqlScriptsTestExecutionListener@2f6aca80]
]]></system-out>
  <system-err><![CDATA[]]></system-err>
</testsuite>
