<?xml version="1.0" encoding="UTF-8"?>
<testsuite name="com.areyoutalkingtome.service.MessageServiceTest" tests="3" skipped="0" failures="0" errors="0" timestamp="2016-03-30T22:02:46" hostname="awesome" time="0.048">
  <properties/>
  <testcase name="addReceiver" classname="com.areyoutalkingtome.service.MessageServiceTest" time="0.016"/>
  <testcase name="sendMessages" classname="com.areyoutalkingtome.service.MessageServiceTest" time="0.011"/>
  <testcase name="saveMessage" classname="com.areyoutalkingtome.service.MessageServiceTest" time="0.017"/>
  <system-out><![CDATA[2016-03-31 09:02:46.916  INFO 2185 --- [    Test worker] o.s.t.c.support.AbstractContextLoader    : Could not detect default resource locations for test class [com.areyoutalkingtome.service.MessageServiceTest]: no resource found for suffixes {-context.xml, Context.groovy}.
2016-03-31 09:02:46.919  INFO 2185 --- [    Test worker] o.s.t.c.web.WebTestContextBootstrapper   : Loaded default TestExecutionListener class names from location [META-INF/spring.factories]: [org.springframework.test.context.web.ServletTestExecutionListener, org.springframework.test.context.support.DirtiesContextBeforeModesTestExecutionListener, org.springframework.test.context.support.DependencyInjectionTestExecutionListener, org.springframework.test.context.support.DirtiesContextTestExecutionListener, org.springframework.test.context.transaction.TransactionalTestExecutionListener, org.springframework.test.context.jdbc.SqlScriptsTestExecutionListener]
2016-03-31 09:02:46.920  INFO 2185 --- [    Test worker] o.s.t.c.web.WebTestContextBootstrapper   : Using TestExecutionListeners: [org.springframework.test.context.web.ServletTestExecutionListener@5ed98f94, org.springframework.test.context.support.DirtiesContextBeforeModesTestExecutionListener@5e1339d8, org.springframework.test.context.support.DependencyInjectionTestExecutionListener@35d9ce33, org.springframework.test.context.support.DirtiesContextTestExecutionListener@4782c8de, org.springframework.test.context.transaction.TransactionalTestExecutionListener@55354a95, org.springframework.test.context.jdbc.SqlScriptsTestExecutionListener@12af6412]
2016-03-31 09:02:46.941  INFO 2185 --- [    Test worker] o.s.t.c.transaction.TransactionContext   : Began transaction (1) for test context [DefaultTestContext@386979fb testClass = MessageServiceTest, testInstance = com.areyoutalkingtome.service.MessageServiceTest@47f7ed81, testMethod = addReceiver@MessageServiceTest, testException = [null], mergedContextConfiguration = [WebMergedContextConfiguration@69fc9822 testClass = MessageServiceTest, locations = '{}', classes = '{class com.areyoutalkingtome.AreYouTalkingToMeApplication}', contextInitializerClasses = '[]', activeProfiles = '{}', propertySourceLocations = '{}', propertySourceProperties = '{}', resourceBasePath = 'src/main/webapp', contextLoader = 'org.springframework.boot.test.SpringApplicationContextLoader', parent = [null]]]; transaction manager [org.springframework.orm.jpa.JpaTransactionManager@7ab26b35]; rollback [true]
2016-03-31 09:02:46.945  INFO 2185 --- [    Test worker] c.a.service.MessageService               : Saving message: RUMessage{id=0, origin='me', body='another message', timeSent=2016-03-31 09:02:46.941}
Saving message: RUMessage{id=0, origin='me', body='another message', timeSent=2016-03-31 09:02:46.941}
Hibernate: insert into rumessage (body, origin, time_sent) values (?, ?, ?)
Hibernate: insert into rureceiver (message_id, name, time) values (?, ?, ?)
2016-03-31 09:02:46.953  INFO 2185 --- [    Test worker] o.s.t.c.transaction.TransactionContext   : Rolled back transaction for test context [DefaultTestContext@386979fb testClass = MessageServiceTest, testInstance = com.areyoutalkingtome.service.MessageServiceTest@47f7ed81, testMethod = addReceiver@MessageServiceTest, testException = [null], mergedContextConfiguration = [WebMergedContextConfiguration@69fc9822 testClass = MessageServiceTest, locations = '{}', classes = '{class com.areyoutalkingtome.AreYouTalkingToMeApplication}', contextInitializerClasses = '[]', activeProfiles = '{}', propertySourceLocations = '{}', propertySourceProperties = '{}', resourceBasePath = 'src/main/webapp', contextLoader = 'org.springframework.boot.test.SpringApplicationContextLoader', parent = [null]]].
2016-03-31 09:02:46.958  INFO 2185 --- [    Test worker] o.s.t.c.transaction.TransactionContext   : Began transaction (1) for test context [DefaultTestContext@386979fb testClass = MessageServiceTest, testInstance = com.areyoutalkingtome.service.MessageServiceTest@706732e0, testMethod = sendMessages@MessageServiceTest, testException = [null], mergedContextConfiguration = [WebMergedContextConfiguration@69fc9822 testClass = MessageServiceTest, locations = '{}', classes = '{class com.areyoutalkingtome.AreYouTalkingToMeApplication}', contextInitializerClasses = '[]', activeProfiles = '{}', propertySourceLocations = '{}', propertySourceProperties = '{}', resourceBasePath = 'src/main/webapp', contextLoader = 'org.springframework.boot.test.SpringApplicationContextLoader', parent = [null]]]; transaction manager [org.springframework.orm.jpa.JpaTransactionManager@7ab26b35]; rollback [true]
2016-03-31 09:02:46.965  INFO 2185 --- [    Test worker] o.s.t.c.transaction.TransactionContext   : Rolled back transaction for test context [DefaultTestContext@386979fb testClass = MessageServiceTest, testInstance = com.areyoutalkingtome.service.MessageServiceTest@706732e0, testMethod = sendMessages@MessageServiceTest, testException = [null], mergedContextConfiguration = [WebMergedContextConfiguration@69fc9822 testClass = MessageServiceTest, locations = '{}', classes = '{class com.areyoutalkingtome.AreYouTalkingToMeApplication}', contextInitializerClasses = '[]', activeProfiles = '{}', propertySourceLocations = '{}', propertySourceProperties = '{}', resourceBasePath = 'src/main/webapp', contextLoader = 'org.springframework.boot.test.SpringApplicationContextLoader', parent = [null]]].
2016-03-31 09:02:46.972  INFO 2185 --- [    Test worker] o.s.t.c.transaction.TransactionContext   : Began transaction (1) for test context [DefaultTestContext@386979fb testClass = MessageServiceTest, testInstance = com.areyoutalkingtome.service.MessageServiceTest@2f39c184, testMethod = saveMessage@MessageServiceTest, testException = [null], mergedContextConfiguration = [WebMergedContextConfiguration@69fc9822 testClass = MessageServiceTest, locations = '{}', classes = '{class com.areyoutalkingtome.AreYouTalkingToMeApplication}', contextInitializerClasses = '[]', activeProfiles = '{}', propertySourceLocations = '{}', propertySourceProperties = '{}', resourceBasePath = 'src/main/webapp', contextLoader = 'org.springframework.boot.test.SpringApplicationContextLoader', parent = [null]]]; transaction manager [org.springframework.orm.jpa.JpaTransactionManager@7ab26b35]; rollback [true]
2016-03-31 09:02:46.973  INFO 2185 --- [    Test worker] c.a.service.MessageService               : Saving message: RUMessage{id=0, origin='me', body='message sample', timeSent=2016-03-31 09:02:46.973}
Saving message: RUMessage{id=0, origin='me', body='message sample', timeSent=2016-03-31 09:02:46.973}
Hibernate: insert into rumessage (body, origin, time_sent) values (?, ?, ?)
Hibernate: insert into rureceiver (message_id, name, time) values (?, ?, ?)
2016-03-31 09:02:46.985  INFO 2185 --- [    Test worker] o.s.t.c.transaction.TransactionContext   : Rolled back transaction for test context [DefaultTestContext@386979fb testClass = MessageServiceTest, testInstance = com.areyoutalkingtome.service.MessageServiceTest@2f39c184, testMethod = saveMessage@MessageServiceTest, testException = [null], mergedContextConfiguration = [WebMergedContextConfiguration@69fc9822 testClass = MessageServiceTest, locations = '{}', classes = '{class com.areyoutalkingtome.AreYouTalkingToMeApplication}', contextInitializerClasses = '[]', activeProfiles = '{}', propertySourceLocations = '{}', propertySourceProperties = '{}', resourceBasePath = 'src/main/webapp', contextLoader = 'org.springframework.boot.test.SpringApplicationContextLoader', parent = [null]]].
]]></system-out>
  <system-err><![CDATA[]]></system-err>
</testsuite>
