<?xml version="1.0" encoding="UTF-8"?>
<testsuite name="com.areyoutalkingtome.controller.RUControllerTest" tests="2" skipped="0" failures="0" errors="0" timestamp="2016-03-30T22:02:46" hostname="awesome" time="0.19">
  <properties/>
  <testcase name="testInboundPostRequest" classname="com.areyoutalkingtome.controller.RUControllerTest" time="0.087"/>
  <testcase name="createMessage" classname="com.areyoutalkingtome.controller.RUControllerTest" time="0.1"/>
  <system-out><![CDATA[2016-03-31 09:02:46.638  INFO 2185 --- [    Test worker] o.s.t.c.support.AbstractContextLoader    : Could not detect default resource locations for test class [com.areyoutalkingtome.controller.RUControllerTest]: no resource found for suffixes {-context.xml, Context.groovy}.
2016-03-31 09:02:46.641  INFO 2185 --- [    Test worker] o.s.t.c.web.WebTestContextBootstrapper   : Loaded default TestExecutionListener class names from location [META-INF/spring.factories]: [org.springframework.test.context.web.ServletTestExecutionListener, org.springframework.test.context.support.DirtiesContextBeforeModesTestExecutionListener, org.springframework.test.context.support.DependencyInjectionTestExecutionListener, org.springframework.test.context.support.DirtiesContextTestExecutionListener, org.springframework.test.context.transaction.TransactionalTestExecutionListener, org.springframework.test.context.jdbc.SqlScriptsTestExecutionListener]
2016-03-31 09:02:46.641  INFO 2185 --- [    Test worker] o.s.t.c.web.WebTestContextBootstrapper   : Using TestExecutionListeners: [org.springframework.test.context.web.ServletTestExecutionListener@78f53022, org.springframework.test.context.support.DirtiesContextBeforeModesTestExecutionListener@746f9a0c, org.springframework.test.context.support.DependencyInjectionTestExecutionListener@4ca448bc, org.springframework.test.context.support.DirtiesContextTestExecutionListener@480c5b8e, org.springframework.test.context.transaction.TransactionalTestExecutionListener@19a9168d, org.springframework.test.context.jdbc.SqlScriptsTestExecutionListener@111e504e]
2016-03-31 09:02:46.657  INFO 2185 --- [    Test worker] o.s.t.c.transaction.TransactionContext   : Began transaction (1) for test context [DefaultTestContext@55ebef2e testClass = RUControllerTest, testInstance = com.areyoutalkingtome.controller.RUControllerTest@4a79660, testMethod = testInboundPostRequest@RUControllerTest, testException = [null], mergedContextConfiguration = [WebMergedContextConfiguration@7f911b79 testClass = RUControllerTest, locations = '{}', classes = '{class com.areyoutalkingtome.AreYouTalkingToMeApplication}', contextInitializerClasses = '[]', activeProfiles = '{}', propertySourceLocations = '{}', propertySourceProperties = '{}', resourceBasePath = 'src/main/webapp', contextLoader = 'org.springframework.boot.test.SpringApplicationContextLoader', parent = [null]]]; transaction manager [org.springframework.orm.jpa.JpaTransactionManager@7ab26b35]; rollback [true]
2016-03-31 09:02:46.661  INFO 2185 --- [    Test worker] o.s.b.test.SpringBootMockServletContext  : Initializing Spring FrameworkServlet ''
2016-03-31 09:02:46.662  INFO 2185 --- [    Test worker] o.s.t.web.servlet.TestDispatcherServlet  : FrameworkServlet '': initialization started
2016-03-31 09:02:46.667  INFO 2185 --- [    Test worker] o.s.t.web.servlet.TestDispatcherServlet  : FrameworkServlet '': initialization completed in 5 ms
2016-03-31 09:02:46.723  INFO 2185 --- [    Test worker] c.a.service.MessageService               : Saving message: RUMessage{id=0, origin='a user', body='another message', timeSent=2016-03-31 09:02:46.667}
Saving message: RUMessage{id=0, origin='a user', body='another message', timeSent=2016-03-31 09:02:46.667}
Hibernate: insert into rumessage (body, origin, time_sent) values (?, ?, ?)
Hibernate: insert into rureceiver (message_id, name, time) values (?, ?, ?)
2016-03-31 09:02:46.742  INFO 2185 --- [    Test worker] o.s.t.c.transaction.TransactionContext   : Rolled back transaction for test context [DefaultTestContext@55ebef2e testClass = RUControllerTest, testInstance = com.areyoutalkingtome.controller.RUControllerTest@4a79660, testMethod = testInboundPostRequest@RUControllerTest, testException = [null], mergedContextConfiguration = [WebMergedContextConfiguration@7f911b79 testClass = RUControllerTest, locations = '{}', classes = '{class com.areyoutalkingtome.AreYouTalkingToMeApplication}', contextInitializerClasses = '[]', activeProfiles = '{}', propertySourceLocations = '{}', propertySourceProperties = '{}', resourceBasePath = 'src/main/webapp', contextLoader = 'org.springframework.boot.test.SpringApplicationContextLoader', parent = [null]]].
2016-03-31 09:02:46.749  INFO 2185 --- [    Test worker] o.s.t.c.transaction.TransactionContext   : Began transaction (1) for test context [DefaultTestContext@55ebef2e testClass = RUControllerTest, testInstance = com.areyoutalkingtome.controller.RUControllerTest@1b791a20, testMethod = createMessage@RUControllerTest, testException = [null], mergedContextConfiguration = [WebMergedContextConfiguration@7f911b79 testClass = RUControllerTest, locations = '{}', classes = '{class com.areyoutalkingtome.AreYouTalkingToMeApplication}', contextInitializerClasses = '[]', activeProfiles = '{}', propertySourceLocations = '{}', propertySourceProperties = '{}', resourceBasePath = 'src/main/webapp', contextLoader = 'org.springframework.boot.test.SpringApplicationContextLoader', parent = [null]]]; transaction manager [org.springframework.orm.jpa.JpaTransactionManager@7ab26b35]; rollback [true]
2016-03-31 09:02:46.750  INFO 2185 --- [    Test worker] o.s.b.test.SpringBootMockServletContext  : Initializing Spring FrameworkServlet ''
2016-03-31 09:02:46.750  INFO 2185 --- [    Test worker] o.s.t.web.servlet.TestDispatcherServlet  : FrameworkServlet '': initialization started
2016-03-31 09:02:46.755  INFO 2185 --- [    Test worker] o.s.t.web.servlet.TestDispatcherServlet  : FrameworkServlet '': initialization completed in 5 ms
Hibernate: select count(*) as col_0_0_ from rumessage rumessage0_
2016-03-31 09:02:46.800  INFO 2185 --- [    Test worker] c.a.service.MessageService               : Saving message: RUMessage{id=0, origin='Massimo', body='this is a test message', timeSent=2016-03-31 09:02:46.756}
Saving message: RUMessage{id=0, origin='Massimo', body='this is a test message', timeSent=2016-03-31 09:02:46.756}
Hibernate: insert into rumessage (body, origin, time_sent) values (?, ?, ?)
Hibernate: insert into rureceiver (message_id, name, time) values (?, ?, ?)
Hibernate: select count(*) as col_0_0_ from rumessage rumessage0_
2016-03-31 09:02:46.845  INFO 2185 --- [    Test worker] o.s.t.c.transaction.TransactionContext   : Rolled back transaction for test context [DefaultTestContext@55ebef2e testClass = RUControllerTest, testInstance = com.areyoutalkingtome.controller.RUControllerTest@1b791a20, testMethod = createMessage@RUControllerTest, testException = [null], mergedContextConfiguration = [WebMergedContextConfiguration@7f911b79 testClass = RUControllerTest, locations = '{}', classes = '{class com.areyoutalkingtome.AreYouTalkingToMeApplication}', contextInitializerClasses = '[]', activeProfiles = '{}', propertySourceLocations = '{}', propertySourceProperties = '{}', resourceBasePath = 'src/main/webapp', contextLoader = 'org.springframework.boot.test.SpringApplicationContextLoader', parent = [null]]].
]]></system-out>
  <system-err><![CDATA[]]></system-err>
</testsuite>
