<?xml version="1.0" encoding="UTF-8"?>
<testsuite name="com.areyoutalkingtome.service.MessageServiceTest" tests="0" skipped="0" failures="0" errors="0" timestamp="1970-01-01T00:00:00" hostname="awesome" time="0.0">
  <properties/>
  <system-out><![CDATA[13:37:14.676 [Test worker] DEBUG o.s.t.c.j.SpringJUnit4ClassRunner - SpringJUnit4ClassRunner constructor called with [class com.areyoutalkingtome.service.MessageServiceTest]
13:37:14.679 [Test worker] DEBUG o.s.test.context.BootstrapUtils - Instantiating CacheAwareContextLoaderDelegate from class [org.springframework.test.context.cache.DefaultCacheAwareContextLoaderDelegate]
13:37:14.679 [Test worker] DEBUG o.s.test.context.BootstrapUtils - Instantiating BootstrapContext using constructor [public org.springframework.test.context.support.DefaultBootstrapContext(java.lang.Class,org.springframework.test.context.CacheAwareContextLoaderDelegate)]
13:37:14.683 [Test worker] DEBUG o.s.test.context.BootstrapUtils - Instantiating TestContextBootstrapper for test class [com.areyoutalkingtome.service.MessageServiceTest] from class [org.springframework.test.context.web.WebTestContextBootstrapper]
13:37:14.689 [Test worker] DEBUG o.s.t.c.w.WebTestContextBootstrapper - Found explicit ContextLoader class [org.springframework.boot.test.SpringApplicationContextLoader] for context configuration attributes [ContextConfigurationAttributes@2f2b925e declaringClass = 'com.areyoutalkingtome.service.MessageServiceTest', classes = '{class com.areyoutalkingtome.AreYouTalkingToMeApplication}', locations = '{}', inheritLocations = true, initializers = '{}', inheritInitializers = true, name = [null], contextLoaderClass = 'org.springframework.boot.test.SpringApplicationContextLoader']
13:37:14.690 [Test worker] DEBUG o.s.t.c.s.AbstractContextLoader - Did not detect default resource location for test class [com.areyoutalkingtome.service.MessageServiceTest]: class path resource [com/areyoutalkingtome/service/MessageServiceTest-context.xml] does not exist
13:37:14.692 [Test worker] DEBUG o.s.t.c.s.AbstractContextLoader - Did not detect default resource location for test class [com.areyoutalkingtome.service.MessageServiceTest]: class path resource [com/areyoutalkingtome/service/MessageServiceTestContext.groovy] does not exist
13:37:14.694 [Test worker] INFO  o.s.t.c.s.AbstractContextLoader - Could not detect default resource locations for test class [com.areyoutalkingtome.service.MessageServiceTest]: no resource found for suffixes {-context.xml, Context.groovy}.
13:37:14.697 [Test worker] DEBUG o.s.t.c.support.ActiveProfilesUtils - Could not find an 'annotation declaring class' for annotation type [org.springframework.test.context.ActiveProfiles] and class [com.areyoutalkingtome.service.MessageServiceTest]
13:37:14.698 [Test worker] DEBUG o.s.t.c.w.WebTestContextBootstrapper - @TestExecutionListeners is not present for class [com.areyoutalkingtome.service.MessageServiceTest]: using defaults.
13:37:14.704 [Test worker] INFO  o.s.t.c.w.WebTestContextBootstrapper - Loaded default TestExecutionListener class names from location [META-INF/spring.factories]: [org.springframework.test.context.web.ServletTestExecutionListener, org.springframework.test.context.support.DirtiesContextBeforeModesTestExecutionListener, org.springframework.test.context.support.DependencyInjectionTestExecutionListener, org.springframework.test.context.support.DirtiesContextTestExecutionListener, org.springframework.test.context.transaction.TransactionalTestExecutionListener, org.springframework.test.context.jdbc.SqlScriptsTestExecutionListener]
13:37:14.705 [Test worker] INFO  o.s.t.c.w.WebTestContextBootstrapper - Using TestExecutionListeners: [org.springframework.test.context.web.ServletTestExecutionListener@48fadd41, org.springframework.test.context.support.DirtiesContextBeforeModesTestExecutionListener@1bfe4b8e, org.springframework.test.context.support.DependencyInjectionTestExecutionListener@1905188, org.springframework.test.context.support.DirtiesContextTestExecutionListener@65efd240, org.springframework.test.context.transaction.TransactionalTestExecutionListener@7be10b69, org.springframework.test.context.jdbc.SqlScriptsTestExecutionListener@12aa8da0]
]]></system-out>
  <system-err><![CDATA[]]></system-err>
</testsuite>
