<?xml version="1.0" encoding="UTF-8"?>
<testsuite name="com.areyoutalkingtome.controller.RUControllerTest" tests="2" skipped="0" failures="0" errors="0" timestamp="2016-03-30T01:05:24" hostname="awesome" time="0.636">
  <properties/>
  <testcase name="testInboundPostRequest" classname="com.areyoutalkingtome.controller.RUControllerTest" time="0.328"/>
  <testcase name="createMessage" classname="com.areyoutalkingtome.controller.RUControllerTest" time="0.305"/>
  <system-out><![CDATA[2016-03-30 12:05:23.969  INFO 10292 --- [    Test worker] o.s.t.c.support.AbstractContextLoader    : Could not detect default resource locations for test class [com.areyoutalkingtome.controller.RUControllerTest]: no resource found for suffixes {-context.xml, Context.groovy}.
2016-03-30 12:05:23.972  INFO 10292 --- [    Test worker] o.s.t.c.web.WebTestContextBootstrapper   : Loaded default TestExecutionListener class names from location [META-INF/spring.factories]: [org.springframework.test.context.web.ServletTestExecutionListener, org.springframework.test.context.support.DirtiesContextBeforeModesTestExecutionListener, org.springframework.test.context.support.DependencyInjectionTestExecutionListener, org.springframework.test.context.support.DirtiesContextTestExecutionListener, org.springframework.test.context.transaction.TransactionalTestExecutionListener, org.springframework.test.context.jdbc.SqlScriptsTestExecutionListener]
2016-03-30 12:05:23.974  INFO 10292 --- [    Test worker] o.s.t.c.web.WebTestContextBootstrapper   : Using TestExecutionListeners: [org.springframework.test.context.web.ServletTestExecutionListener@705aa8bb, org.springframework.test.context.support.DirtiesContextBeforeModesTestExecutionListener@509fcc38, org.springframework.test.context.support.DependencyInjectionTestExecutionListener@1a43a37b, org.springframework.test.context.support.DirtiesContextTestExecutionListener@444a643e, org.springframework.test.context.transaction.TransactionalTestExecutionListener@61f0037c, org.springframework.test.context.jdbc.SqlScriptsTestExecutionListener@4fa0ed76]
2016-03-30 12:05:24.025  INFO 10292 --- [    Test worker] o.s.t.c.transaction.TransactionContext   : Began transaction (1) for test context [DefaultTestContext@5f032127 testClass = RUControllerTest, testInstance = com.areyoutalkingtome.controller.RUControllerTest@3e893258, testMethod = testInboundPostRequest@RUControllerTest, testException = [null], mergedContextConfiguration = [WebMergedContextConfiguration@487fc782 testClass = RUControllerTest, locations = '{}', classes = '{class com.areyoutalkingtome.AreYouTalkingToMeApplication}', contextInitializerClasses = '[]', activeProfiles = '{}', propertySourceLocations = '{}', propertySourceProperties = '{}', resourceBasePath = 'src/main/webapp', contextLoader = 'org.springframework.boot.test.SpringApplicationContextLoader', parent = [null]]]; transaction manager [org.springframework.orm.jpa.JpaTransactionManager@711409c8]; rollback [true]
2016-03-30 12:05:24.033  INFO 10292 --- [    Test worker] o.s.b.test.SpringBootMockServletContext  : Initializing Spring FrameworkServlet ''
2016-03-30 12:05:24.034  INFO 10292 --- [    Test worker] o.s.t.web.servlet.TestDispatcherServlet  : FrameworkServlet '': initialization started
2016-03-30 12:05:24.050  INFO 10292 --- [    Test worker] o.s.t.web.servlet.TestDispatcherServlet  : FrameworkServlet '': initialization completed in 16 ms
2016-03-30 12:05:24.211  INFO 10292 --- [    Test worker] c.a.service.MessageService               : Saving message: RUMessage{id=0, origin='a user', body='another message', timeSent=2016-03-30 12:05:24.052}
Hibernate: insert into rumessage (body, origin, time_sent) values (?, ?, ?)
Hibernate: insert into rureceiver (message_id, name, time) values (?, ?, ?)
2016-03-30 12:05:24.336  INFO 10292 --- [    Test worker] o.s.t.c.transaction.TransactionContext   : Rolled back transaction for test context [DefaultTestContext@5f032127 testClass = RUControllerTest, testInstance = com.areyoutalkingtome.controller.RUControllerTest@3e893258, testMethod = testInboundPostRequest@RUControllerTest, testException = [null], mergedContextConfiguration = [WebMergedContextConfiguration@487fc782 testClass = RUControllerTest, locations = '{}', classes = '{class com.areyoutalkingtome.AreYouTalkingToMeApplication}', contextInitializerClasses = '[]', activeProfiles = '{}', propertySourceLocations = '{}', propertySourceProperties = '{}', resourceBasePath = 'src/main/webapp', contextLoader = 'org.springframework.boot.test.SpringApplicationContextLoader', parent = [null]]].
2016-03-30 12:05:24.346  INFO 10292 --- [    Test worker] o.s.t.c.transaction.TransactionContext   : Began transaction (1) for test context [DefaultTestContext@5f032127 testClass = RUControllerTest, testInstance = com.areyoutalkingtome.controller.RUControllerTest@2a78211a, testMethod = createMessage@RUControllerTest, testException = [null], mergedContextConfiguration = [WebMergedContextConfiguration@487fc782 testClass = RUControllerTest, locations = '{}', classes = '{class com.areyoutalkingtome.AreYouTalkingToMeApplication}', contextInitializerClasses = '[]', activeProfiles = '{}', propertySourceLocations = '{}', propertySourceProperties = '{}', resourceBasePath = 'src/main/webapp', contextLoader = 'org.springframework.boot.test.SpringApplicationContextLoader', parent = [null]]]; transaction manager [org.springframework.orm.jpa.JpaTransactionManager@711409c8]; rollback [true]
2016-03-30 12:05:24.351  INFO 10292 --- [    Test worker] o.s.b.test.SpringBootMockServletContext  : Initializing Spring FrameworkServlet ''
2016-03-30 12:05:24.351  INFO 10292 --- [    Test worker] o.s.t.web.servlet.TestDispatcherServlet  : FrameworkServlet '': initialization started
2016-03-30 12:05:24.359  INFO 10292 --- [    Test worker] o.s.t.web.servlet.TestDispatcherServlet  : FrameworkServlet '': initialization completed in 7 ms
Hibernate: select count(*) as col_0_0_ from rumessage rumessage0_
2016-03-30 12:05:24.617  INFO 10292 --- [    Test worker] c.a.service.MessageService               : Saving message: RUMessage{id=0, origin='Massimo', body='this is a test message', timeSent=2016-03-30 12:05:24.362}
Hibernate: insert into rumessage (body, origin, time_sent) values (?, ?, ?)
Hibernate: insert into rureceiver (message_id, name, time) values (?, ?, ?)
Hibernate: select count(*) as col_0_0_ from rumessage rumessage0_
2016-03-30 12:05:24.645  INFO 10292 --- [    Test worker] o.s.t.c.transaction.TransactionContext   : Rolled back transaction for test context [DefaultTestContext@5f032127 testClass = RUControllerTest, testInstance = com.areyoutalkingtome.controller.RUControllerTest@2a78211a, testMethod = createMessage@RUControllerTest, testException = [null], mergedContextConfiguration = [WebMergedContextConfiguration@487fc782 testClass = RUControllerTest, locations = '{}', classes = '{class com.areyoutalkingtome.AreYouTalkingToMeApplication}', contextInitializerClasses = '[]', activeProfiles = '{}', propertySourceLocations = '{}', propertySourceProperties = '{}', resourceBasePath = 'src/main/webapp', contextLoader = 'org.springframework.boot.test.SpringApplicationContextLoader', parent = [null]]].
]]></system-out>
  <system-err><![CDATA[]]></system-err>
</testsuite>
