<?xml version="1.0" encoding="UTF-8"?>
<testsuite name="com.areyoutalkingtome.AreYouTalkingToMeApplicationTests" tests="0" skipped="0" failures="0" errors="0" timestamp="1970-01-01T00:00:00" hostname="awesome" time="0.0">
  <properties/>
  <system-out><![CDATA[11:50:47.488 [Test worker] DEBUG o.s.t.c.j.SpringJUnit4ClassRunner - SpringJUnit4ClassRunner constructor called with [class com.areyoutalkingtome.AreYouTalkingToMeApplicationTests]
11:50:47.493 [Test worker] DEBUG o.s.test.context.BootstrapUtils - Instantiating CacheAwareContextLoaderDelegate from class [org.springframework.test.context.cache.DefaultCacheAwareContextLoaderDelegate]
11:50:47.500 [Test worker] DEBUG o.s.test.context.BootstrapUtils - Instantiating BootstrapContext using constructor [public org.springframework.test.context.support.DefaultBootstrapContext(java.lang.Class,org.springframework.test.context.CacheAwareContextLoaderDelegate)]
11:50:47.517 [Test worker] DEBUG o.s.test.context.BootstrapUtils - Instantiating TestContextBootstrapper for test class [com.areyoutalkingtome.AreYouTalkingToMeApplicationTests] from class [org.springframework.test.context.web.WebTestContextBootstrapper]
11:50:47.542 [Test worker] DEBUG o.s.t.c.w.WebTestContextBootstrapper - Found explicit ContextLoader class [org.springframework.boot.test.SpringApplicationContextLoader] for context configuration attributes [ContextConfigurationAttributes@5bc9723b declaringClass = 'com.areyoutalkingtome.AreYouTalkingToMeApplicationTests', classes = '{class com.areyoutalkingtome.AreYouTalkingToMeApplication}', locations = '{}', inheritLocations = true, initializers = '{}', inheritInitializers = true, name = [null], contextLoaderClass = 'org.springframework.boot.test.SpringApplicationContextLoader']
11:50:47.559 [Test worker] DEBUG o.s.t.c.s.AbstractContextLoader - Did not detect default resource location for test class [com.areyoutalkingtome.AreYouTalkingToMeApplicationTests]: class path resource [com/areyoutalkingtome/AreYouTalkingToMeApplicationTests-context.xml] does not exist
11:50:47.559 [Test worker] DEBUG o.s.t.c.s.AbstractContextLoader - Did not detect default resource location for test class [com.areyoutalkingtome.AreYouTalkingToMeApplicationTests]: class path resource [com/areyoutalkingtome/AreYouTalkingToMeApplicationTestsContext.groovy] does not exist
11:50:47.560 [Test worker] INFO  o.s.t.c.s.AbstractContextLoader - Could not detect default resource locations for test class [com.areyoutalkingtome.AreYouTalkingToMeApplicationTests]: no resource found for suffixes {-context.xml, Context.groovy}.
11:50:47.563 [Test worker] DEBUG o.s.t.c.support.ActiveProfilesUtils - Could not find an 'annotation declaring class' for annotation type [org.springframework.test.context.ActiveProfiles] and class [com.areyoutalkingtome.AreYouTalkingToMeApplicationTests]
11:50:47.574 [Test worker] DEBUG o.s.t.c.w.WebTestContextBootstrapper - @TestExecutionListeners is not present for class [com.areyoutalkingtome.AreYouTalkingToMeApplicationTests]: using defaults.
11:50:47.580 [Test worker] INFO  o.s.t.c.w.WebTestContextBootstrapper - Loaded default TestExecutionListener class names from location [META-INF/spring.factories]: [org.springframework.test.context.web.ServletTestExecutionListener, org.springframework.test.context.support.DirtiesContextBeforeModesTestExecutionListener, org.springframework.test.context.support.DependencyInjectionTestExecutionListener, org.springframework.test.context.support.DirtiesContextTestExecutionListener, org.springframework.test.context.transaction.TransactionalTestExecutionListener, org.springframework.test.context.jdbc.SqlScriptsTestExecutionListener]
11:50:47.612 [Test worker] INFO  o.s.t.c.w.WebTestContextBootstrapper - Using TestExecutionListeners: [org.springframework.test.context.web.ServletTestExecutionListener@1d89d754, org.springframework.test.context.support.DirtiesContextBeforeModesTestExecutionListener@12692569, org.springframework.test.context.support.DependencyInjectionTestExecutionListener@417b4772, org.springframework.test.context.support.DirtiesContextTestExecutionListener@6d2712b9, org.springframework.test.context.transaction.TransactionalTestExecutionListener@3ec75b3e, org.springframework.test.context.jdbc.SqlScriptsTestExecutionListener@655e63e2]
]]></system-out>
  <system-err><![CDATA[]]></system-err>
</testsuite>
