<?xml version="1.0" encoding="UTF-8"?>
<testsuite name="com.areyoutalkingtome.repo.RUMessageRepositoryTest" tests="1" skipped="0" failures="0" errors="0" timestamp="2016-03-30T22:02:46" hostname="awesome" time="0.023">
  <properties/>
  <testcase name="testSaveWithReceiver" classname="com.areyoutalkingtome.repo.RUMessageRepositoryTest" time="0.023"/>
  <system-out><![CDATA[2016-03-31 09:02:46.859  INFO 2185 --- [    Test worker] o.s.t.c.support.AbstractContextLoader    : Could not detect default resource locations for test class [com.areyoutalkingtome.repo.RUMessageRepositoryTest]: no resource found for suffixes {-context.xml, Context.groovy}.
2016-03-31 09:02:46.864  INFO 2185 --- [    Test worker] o.s.t.c.web.WebTestContextBootstrapper   : Loaded default TestExecutionListener class names from location [META-INF/spring.factories]: [org.springframework.test.context.web.ServletTestExecutionListener, org.springframework.test.context.support.DirtiesContextBeforeModesTestExecutionListener, org.springframework.test.context.support.DependencyInjectionTestExecutionListener, org.springframework.test.context.support.DirtiesContextTestExecutionListener, org.springframework.test.context.transaction.TransactionalTestExecutionListener, org.springframework.test.context.jdbc.SqlScriptsTestExecutionListener]
2016-03-31 09:02:46.864  INFO 2185 --- [    Test worker] o.s.t.c.web.WebTestContextBootstrapper   : Using TestExecutionListeners: [org.springframework.test.context.web.ServletTestExecutionListener@16f837b2, org.springframework.test.context.support.DirtiesContextBeforeModesTestExecutionListener@d6f73b1, org.springframework.test.context.support.DependencyInjectionTestExecutionListener@2a70444a, org.springframework.test.context.support.DirtiesContextTestExecutionListener@7b747fd4, org.springframework.test.context.transaction.TransactionalTestExecutionListener@2c6682af, org.springframework.test.context.jdbc.SqlScriptsTestExecutionListener@5a629e69]
2016-03-31 09:02:46.882  INFO 2185 --- [    Test worker] o.s.t.c.transaction.TransactionContext   : Began transaction (1) for test context [DefaultTestContext@2aca8833 testClass = RUMessageRepositoryTest, testInstance = com.areyoutalkingtome.repo.RUMessageRepositoryTest@3221043f, testMethod = testSaveWithReceiver@RUMessageRepositoryTest, testException = [null], mergedContextConfiguration = [WebMergedContextConfiguration@7218d37b testClass = RUMessageRepositoryTest, locations = '{}', classes = '{class com.areyoutalkingtome.AreYouTalkingToMeApplication}', contextInitializerClasses = '[]', activeProfiles = '{}', propertySourceLocations = '{}', propertySourceProperties = '{}', resourceBasePath = 'src/main/webapp', contextLoader = 'org.springframework.boot.test.SpringApplicationContextLoader', parent = [null]]]; transaction manager [org.springframework.orm.jpa.JpaTransactionManager@7ab26b35]; rollback [true]
Hibernate: insert into rumessage (body, origin, time_sent) values (?, ?, ?)
Hibernate: insert into rureceiver (message_id, name, time) values (?, ?, ?)
2016-03-31 09:02:46.904  INFO 2185 --- [    Test worker] o.s.t.c.transaction.TransactionContext   : Rolled back transaction for test context [DefaultTestContext@2aca8833 testClass = RUMessageRepositoryTest, testInstance = com.areyoutalkingtome.repo.RUMessageRepositoryTest@3221043f, testMethod = testSaveWithReceiver@RUMessageRepositoryTest, testException = [null], mergedContextConfiguration = [WebMergedContextConfiguration@7218d37b testClass = RUMessageRepositoryTest, locations = '{}', classes = '{class com.areyoutalkingtome.AreYouTalkingToMeApplication}', contextInitializerClasses = '[]', activeProfiles = '{}', propertySourceLocations = '{}', propertySourceProperties = '{}', resourceBasePath = 'src/main/webapp', contextLoader = 'org.springframework.boot.test.SpringApplicationContextLoader', parent = [null]]].
]]></system-out>
  <system-err><![CDATA[]]></system-err>
</testsuite>
