<?xml version="1.0" encoding="UTF-8"?>
<testsuite name="com.areyoutalkingtome.repo.RUMessageRepositoryTest" tests="1" skipped="0" failures="0" errors="0" timestamp="2016-03-30T21:40:04" hostname="awesome" time="0.032">
  <properties/>
  <testcase name="testSaveWithReceiver" classname="com.areyoutalkingtome.repo.RUMessageRepositoryTest" time="0.032"/>
  <system-out><![CDATA[2016-03-31 08:40:04.448  INFO 1723 --- [    Test worker] o.s.t.c.support.AbstractContextLoader    : Could not detect default resource locations for test class [com.areyoutalkingtome.repo.RUMessageRepositoryTest]: no resource found for suffixes {-context.xml, Context.groovy}.
2016-03-31 08:40:04.453  INFO 1723 --- [    Test worker] o.s.t.c.web.WebTestContextBootstrapper   : Loaded default TestExecutionListener class names from location [META-INF/spring.factories]: [org.springframework.test.context.web.ServletTestExecutionListener, org.springframework.test.context.support.DirtiesContextBeforeModesTestExecutionListener, org.springframework.test.context.support.DependencyInjectionTestExecutionListener, org.springframework.test.context.support.DirtiesContextTestExecutionListener, org.springframework.test.context.transaction.TransactionalTestExecutionListener, org.springframework.test.context.jdbc.SqlScriptsTestExecutionListener]
2016-03-31 08:40:04.453  INFO 1723 --- [    Test worker] o.s.t.c.web.WebTestContextBootstrapper   : Using TestExecutionListeners: [org.springframework.test.context.web.ServletTestExecutionListener@c86aa15, org.springframework.test.context.support.DirtiesContextBeforeModesTestExecutionListener@2d89e34, org.springframework.test.context.support.DependencyInjectionTestExecutionListener@406ccde, org.springframework.test.context.support.DirtiesContextTestExecutionListener@506eb897, org.springframework.test.context.transaction.TransactionalTestExecutionListener@6901668d, org.springframework.test.context.jdbc.SqlScriptsTestExecutionListener@2f6e6ca7]
2016-03-31 08:40:04.500  INFO 1723 --- [    Test worker] o.s.t.c.transaction.TransactionContext   : Began transaction (1) for test context [DefaultTestContext@38338c88 testClass = RUMessageRepositoryTest, testInstance = com.areyoutalkingtome.repo.RUMessageRepositoryTest@5ae4b00d, testMethod = testSaveWithReceiver@RUMessageRepositoryTest, testException = [null], mergedContextConfiguration = [WebMergedContextConfiguration@1dbc25a8 testClass = RUMessageRepositoryTest, locations = '{}', classes = '{class com.areyoutalkingtome.AreYouTalkingToMeApplication}', contextInitializerClasses = '[]', activeProfiles = '{}', propertySourceLocations = '{}', propertySourceProperties = '{}', resourceBasePath = 'src/main/webapp', contextLoader = 'org.springframework.boot.test.SpringApplicationContextLoader', parent = [null]]]; transaction manager [org.springframework.orm.jpa.JpaTransactionManager@11fa74f3]; rollback [true]
Hibernate: insert into rumessage (body, origin, time_sent) values (?, ?, ?)
Hibernate: insert into rureceiver (message_id, name, time) values (?, ?, ?)
2016-03-31 08:40:04.524  INFO 1723 --- [    Test worker] o.s.t.c.transaction.TransactionContext   : Rolled back transaction for test context [DefaultTestContext@38338c88 testClass = RUMessageRepositoryTest, testInstance = com.areyoutalkingtome.repo.RUMessageRepositoryTest@5ae4b00d, testMethod = testSaveWithReceiver@RUMessageRepositoryTest, testException = [null], mergedContextConfiguration = [WebMergedContextConfiguration@1dbc25a8 testClass = RUMessageRepositoryTest, locations = '{}', classes = '{class com.areyoutalkingtome.AreYouTalkingToMeApplication}', contextInitializerClasses = '[]', activeProfiles = '{}', propertySourceLocations = '{}', propertySourceProperties = '{}', resourceBasePath = 'src/main/webapp', contextLoader = 'org.springframework.boot.test.SpringApplicationContextLoader', parent = [null]]].
]]></system-out>
  <system-err><![CDATA[]]></system-err>
</testsuite>
