<?xml version="1.0" encoding="UTF-8"?>
<testsuite name="com.areyoutalkingtome.repo.RUMessageRepositoryTest" tests="1" skipped="0" failures="0" errors="0" timestamp="2016-03-30T01:05:24" hostname="awesome" time="0.019">
  <properties/>
  <testcase name="testSaveWithReceiver" classname="com.areyoutalkingtome.repo.RUMessageRepositoryTest" time="0.019"/>
  <system-out><![CDATA[2016-03-30 12:05:24.671  INFO 10292 --- [    Test worker] o.s.t.c.support.AbstractContextLoader    : Could not detect default resource locations for test class [com.areyoutalkingtome.repo.RUMessageRepositoryTest]: no resource found for suffixes {-context.xml, Context.groovy}.
2016-03-30 12:05:24.679  INFO 10292 --- [    Test worker] o.s.t.c.web.WebTestContextBootstrapper   : Loaded default TestExecutionListener class names from location [META-INF/spring.factories]: [org.springframework.test.context.web.ServletTestExecutionListener, org.springframework.test.context.support.DirtiesContextBeforeModesTestExecutionListener, org.springframework.test.context.support.DependencyInjectionTestExecutionListener, org.springframework.test.context.support.DirtiesContextTestExecutionListener, org.springframework.test.context.transaction.TransactionalTestExecutionListener, org.springframework.test.context.jdbc.SqlScriptsTestExecutionListener]
2016-03-30 12:05:24.680  INFO 10292 --- [    Test worker] o.s.t.c.web.WebTestContextBootstrapper   : Using TestExecutionListeners: [org.springframework.test.context.web.ServletTestExecutionListener@52aa849f, org.springframework.test.context.support.DirtiesContextBeforeModesTestExecutionListener@3cbdcaec, org.springframework.test.context.support.DependencyInjectionTestExecutionListener@215618f3, org.springframework.test.context.support.DirtiesContextTestExecutionListener@89f207d, org.springframework.test.context.transaction.TransactionalTestExecutionListener@e17c38d, org.springframework.test.context.jdbc.SqlScriptsTestExecutionListener@5caf9209]
2016-03-30 12:05:24.698  INFO 10292 --- [    Test worker] o.s.t.c.transaction.TransactionContext   : Began transaction (1) for test context [DefaultTestContext@3c42c5ef testClass = RUMessageRepositoryTest, testInstance = com.areyoutalkingtome.repo.RUMessageRepositoryTest@c796241, testMethod = testSaveWithReceiver@RUMessageRepositoryTest, testException = [null], mergedContextConfiguration = [WebMergedContextConfiguration@4daf98ef testClass = RUMessageRepositoryTest, locations = '{}', classes = '{class com.areyoutalkingtome.AreYouTalkingToMeApplication}', contextInitializerClasses = '[]', activeProfiles = '{}', propertySourceLocations = '{}', propertySourceProperties = '{}', resourceBasePath = 'src/main/webapp', contextLoader = 'org.springframework.boot.test.SpringApplicationContextLoader', parent = [null]]]; transaction manager [org.springframework.orm.jpa.JpaTransactionManager@711409c8]; rollback [true]
Hibernate: insert into rumessage (body, origin, time_sent) values (?, ?, ?)
Hibernate: insert into rureceiver (message_id, name, time) values (?, ?, ?)
2016-03-30 12:05:24.714  INFO 10292 --- [    Test worker] o.s.t.c.transaction.TransactionContext   : Rolled back transaction for test context [DefaultTestContext@3c42c5ef testClass = RUMessageRepositoryTest, testInstance = com.areyoutalkingtome.repo.RUMessageRepositoryTest@c796241, testMethod = testSaveWithReceiver@RUMessageRepositoryTest, testException = [null], mergedContextConfiguration = [WebMergedContextConfiguration@4daf98ef testClass = RUMessageRepositoryTest, locations = '{}', classes = '{class com.areyoutalkingtome.AreYouTalkingToMeApplication}', contextInitializerClasses = '[]', activeProfiles = '{}', propertySourceLocations = '{}', propertySourceProperties = '{}', resourceBasePath = 'src/main/webapp', contextLoader = 'org.springframework.boot.test.SpringApplicationContextLoader', parent = [null]]].
]]></system-out>
  <system-err><![CDATA[]]></system-err>
</testsuite>
