<?xml version="1.0" encoding="UTF-8"?>
<testsuite name="com.areyoutalkingtome.REST.RUMessageResourceTest" tests="0" skipped="0" failures="0" errors="0" timestamp="1970-01-01T00:00:00" hostname="awesome" time="0.0">
  <properties/>
  <system-out><![CDATA[2016-03-30 11:50:54.419  INFO 9763 --- [    Test worker] o.s.t.c.support.AbstractContextLoader    : Could not detect default resource locations for test class [com.areyoutalkingtome.REST.RUMessageResourceTest]: no resource found for suffixes {-context.xml, Context.groovy}.
2016-03-30 11:50:54.425  INFO 9763 --- [    Test worker] o.s.t.c.web.WebTestContextBootstrapper   : Loaded default TestExecutionListener class names from location [META-INF/spring.factories]: [org.springframework.test.context.web.ServletTestExecutionListener, org.springframework.test.context.support.DirtiesContextBeforeModesTestExecutionListener, org.springframework.test.context.support.DependencyInjectionTestExecutionListener, org.springframework.test.context.support.DirtiesContextTestExecutionListener, org.springframework.test.context.transaction.TransactionalTestExecutionListener, org.springframework.test.context.jdbc.SqlScriptsTestExecutionListener]
2016-03-30 11:50:54.426  INFO 9763 --- [    Test worker] o.s.t.c.web.WebTestContextBootstrapper   : Using TestExecutionListeners: [org.springframework.test.context.web.ServletTestExecutionListener@50369211, org.springframework.test.context.support.DirtiesContextBeforeModesTestExecutionListener@7d6410b8, org.springframework.test.context.support.DependencyInjectionTestExecutionListener@29a5ddb5, org.springframework.test.context.support.DirtiesContextTestExecutionListener@7bc37963, org.springframework.test.context.transaction.TransactionalTestExecutionListener@1f81ca10, org.springframework.test.context.jdbc.SqlScriptsTestExecutionListener@423de888]
]]></system-out>
  <system-err><![CDATA[]]></system-err>
</testsuite>
