<?xml version="1.0" encoding="UTF-8"?>
<testsuite name="com.areyoutalkingtome.AreYouTalkingToMeApplicationTests" tests="0" skipped="0" failures="0" errors="0" timestamp="1970-01-01T00:00:00" hostname="awesome" time="0.0">
  <properties/>
  <system-out><![CDATA[13:37:13.701 [Test worker] DEBUG o.s.t.c.j.SpringJUnit4ClassRunner - SpringJUnit4ClassRunner constructor called with [class com.areyoutalkingtome.AreYouTalkingToMeApplicationTests]
13:37:13.706 [Test worker] DEBUG o.s.test.context.BootstrapUtils - Instantiating CacheAwareContextLoaderDelegate from class [org.springframework.test.context.cache.DefaultCacheAwareContextLoaderDelegate]
13:37:13.712 [Test worker] DEBUG o.s.test.context.BootstrapUtils - Instantiating BootstrapContext using constructor [public org.springframework.test.context.support.DefaultBootstrapContext(java.lang.Class,org.springframework.test.context.CacheAwareContextLoaderDelegate)]
13:37:13.725 [Test worker] DEBUG o.s.test.context.BootstrapUtils - Instantiating TestContextBootstrapper for test class [com.areyoutalkingtome.AreYouTalkingToMeApplicationTests] from class [org.springframework.test.context.web.WebTestContextBootstrapper]
13:37:13.757 [Test worker] DEBUG o.s.t.c.w.WebTestContextBootstrapper - Found explicit ContextLoader class [org.springframework.boot.test.SpringApplicationContextLoader] for context configuration attributes [ContextConfigurationAttributes@468d5310 declaringClass = 'com.areyoutalkingtome.AreYouTalkingToMeApplicationTests', classes = '{class com.areyoutalkingtome.AreYouTalkingToMeApplication}', locations = '{}', inheritLocations = true, initializers = '{}', inheritInitializers = true, name = [null], contextLoaderClass = 'org.springframework.boot.test.SpringApplicationContextLoader']
13:37:13.769 [Test worker] DEBUG o.s.t.c.s.AbstractContextLoader - Did not detect default resource location for test class [com.areyoutalkingtome.AreYouTalkingToMeApplicationTests]: class path resource [com/areyoutalkingtome/AreYouTalkingToMeApplicationTests-context.xml] does not exist
13:37:13.770 [Test worker] DEBUG o.s.t.c.s.AbstractContextLoader - Did not detect default resource location for test class [com.areyoutalkingtome.AreYouTalkingToMeApplicationTests]: class path resource [com/areyoutalkingtome/AreYouTalkingToMeApplicationTestsContext.groovy] does not exist
13:37:13.770 [Test worker] INFO  o.s.t.c.s.AbstractContextLoader - Could not detect default resource locations for test class [com.areyoutalkingtome.AreYouTalkingToMeApplicationTests]: no resource found for suffixes {-context.xml, Context.groovy}.
13:37:13.774 [Test worker] DEBUG o.s.t.c.support.ActiveProfilesUtils - Could not find an 'annotation declaring class' for annotation type [org.springframework.test.context.ActiveProfiles] and class [com.areyoutalkingtome.AreYouTalkingToMeApplicationTests]
13:37:13.778 [Test worker] DEBUG o.s.t.c.w.WebTestContextBootstrapper - @TestExecutionListeners is not present for class [com.areyoutalkingtome.AreYouTalkingToMeApplicationTests]: using defaults.
13:37:13.794 [Test worker] INFO  o.s.t.c.w.WebTestContextBootstrapper - Loaded default TestExecutionListener class names from location [META-INF/spring.factories]: [org.springframework.test.context.web.ServletTestExecutionListener, org.springframework.test.context.support.DirtiesContextBeforeModesTestExecutionListener, org.springframework.test.context.support.DependencyInjectionTestExecutionListener, org.springframework.test.context.support.DirtiesContextTestExecutionListener, org.springframework.test.context.transaction.TransactionalTestExecutionListener, org.springframework.test.context.jdbc.SqlScriptsTestExecutionListener]
13:37:13.815 [Test worker] INFO  o.s.t.c.w.WebTestContextBootstrapper - Using TestExecutionListeners: [org.springframework.test.context.web.ServletTestExecutionListener@602f6850, org.springframework.test.context.support.DirtiesContextBeforeModesTestExecutionListener@2843c6a5, org.springframework.test.context.support.DependencyInjectionTestExecutionListener@5f151bc3, org.springframework.test.context.support.DirtiesContextTestExecutionListener@23ceeb56, org.springframework.test.context.transaction.TransactionalTestExecutionListener@38386a97, org.springframework.test.context.jdbc.SqlScriptsTestExecutionListener@e78e5db]
]]></system-out>
  <system-err><![CDATA[]]></system-err>
</testsuite>
