<?xml version="1.0" encoding="UTF-8"?>
<testsuite name="com.areyoutalkingtome.controller.RUControllerTest" tests="0" skipped="0" failures="0" errors="0" timestamp="1970-01-01T00:00:00" hostname="awesome" time="0.0">
  <properties/>
  <system-out><![CDATA[12:43:53.253 [Test worker] DEBUG o.s.t.c.j.SpringJUnit4ClassRunner - SpringJUnit4ClassRunner constructor called with [class com.areyoutalkingtome.controller.RUControllerTest]
12:43:53.254 [Test worker] DEBUG o.s.test.context.BootstrapUtils - Instantiating CacheAwareContextLoaderDelegate from class [org.springframework.test.context.cache.DefaultCacheAwareContextLoaderDelegate]
12:43:53.254 [Test worker] DEBUG o.s.test.context.BootstrapUtils - Instantiating BootstrapContext using constructor [public org.springframework.test.context.support.DefaultBootstrapContext(java.lang.Class,org.springframework.test.context.CacheAwareContextLoaderDelegate)]
12:43:53.260 [Test worker] DEBUG o.s.test.context.BootstrapUtils - Instantiating TestContextBootstrapper for test class [com.areyoutalkingtome.controller.RUControllerTest] from class [org.springframework.test.context.web.WebTestContextBootstrapper]
12:43:53.265 [Test worker] DEBUG o.s.t.c.w.WebTestContextBootstrapper - Found explicit ContextLoader class [org.springframework.boot.test.SpringApplicationContextLoader] for context configuration attributes [ContextConfigurationAttributes@28d0c543 declaringClass = 'com.areyoutalkingtome.controller.RUControllerTest', classes = '{class com.areyoutalkingtome.AreYouTalkingToMeApplication}', locations = '{}', inheritLocations = true, initializers = '{}', inheritInitializers = true, name = [null], contextLoaderClass = 'org.springframework.boot.test.SpringApplicationContextLoader']
12:43:53.266 [Test worker] DEBUG o.s.t.c.s.AbstractContextLoader - Did not detect default resource location for test class [com.areyoutalkingtome.controller.RUControllerTest]: class path resource [com/areyoutalkingtome/controller/RUControllerTest-context.xml] does not exist
12:43:53.275 [Test worker] DEBUG o.s.t.c.s.AbstractContextLoader - Did not detect default resource location for test class [com.areyoutalkingtome.controller.RUControllerTest]: class path resource [com/areyoutalkingtome/controller/RUControllerTestContext.groovy] does not exist
12:43:53.276 [Test worker] INFO  o.s.t.c.s.AbstractContextLoader - Could not detect default resource locations for test class [com.areyoutalkingtome.controller.RUControllerTest]: no resource found for suffixes {-context.xml, Context.groovy}.
12:43:53.279 [Test worker] DEBUG o.s.t.c.support.ActiveProfilesUtils - Could not find an 'annotation declaring class' for annotation type [org.springframework.test.context.ActiveProfiles] and class [com.areyoutalkingtome.controller.RUControllerTest]
12:43:53.280 [Test worker] DEBUG o.s.t.c.w.WebTestContextBootstrapper - @TestExecutionListeners is not present for class [com.areyoutalkingtome.controller.RUControllerTest]: using defaults.
12:43:53.285 [Test worker] INFO  o.s.t.c.w.WebTestContextBootstrapper - Loaded default TestExecutionListener class names from location [META-INF/spring.factories]: [org.springframework.test.context.web.ServletTestExecutionListener, org.springframework.test.context.support.DirtiesContextBeforeModesTestExecutionListener, org.springframework.test.context.support.DependencyInjectionTestExecutionListener, org.springframework.test.context.support.DirtiesContextTestExecutionListener, org.springframework.test.context.transaction.TransactionalTestExecutionListener, org.springframework.test.context.jdbc.SqlScriptsTestExecutionListener]
12:43:53.287 [Test worker] INFO  o.s.t.c.w.WebTestContextBootstrapper - Using TestExecutionListeners: [org.springframework.test.context.web.ServletTestExecutionListener@41aba718, org.springframework.test.context.support.DirtiesContextBeforeModesTestExecutionListener@4baf41f7, org.springframework.test.context.support.DependencyInjectionTestExecutionListener@445aaeef, org.springframework.test.context.support.DirtiesContextTestExecutionListener@335deffb, org.springframework.test.context.transaction.TransactionalTestExecutionListener@2fd21def, org.springframework.test.context.jdbc.SqlScriptsTestExecutionListener@1e43411b]
]]></system-out>
  <system-err><![CDATA[]]></system-err>
</testsuite>
