<?xml version="1.0" encoding="UTF-8"?>
<testsuite name="com.areyoutalkingtome.controller.HealthControllerTest" tests="1" skipped="0" failures="0" errors="0" timestamp="2016-03-30T22:01:30" hostname="awesome" time="75.721">
  <properties/>
  <testcase name="testInboundPostRequest" classname="com.areyoutalkingtome.controller.HealthControllerTest" time="75.721"/>
  <system-out><![CDATA[2016-03-31 09:01:30.777  INFO 2185 --- [    Test worker] o.s.t.c.support.AbstractContextLoader    : Could not detect default resource locations for test class [com.areyoutalkingtome.controller.HealthControllerTest]: no resource found for suffixes {-context.xml, Context.groovy}.
2016-03-31 09:01:30.782  INFO 2185 --- [    Test worker] o.s.t.c.web.WebTestContextBootstrapper   : Loaded default TestExecutionListener class names from location [META-INF/spring.factories]: [org.springframework.test.context.web.ServletTestExecutionListener, org.springframework.test.context.support.DirtiesContextBeforeModesTestExecutionListener, org.springframework.test.context.support.DependencyInjectionTestExecutionListener, org.springframework.test.context.support.DirtiesContextTestExecutionListener, org.springframework.test.context.transaction.TransactionalTestExecutionListener, org.springframework.test.context.jdbc.SqlScriptsTestExecutionListener]
2016-03-31 09:01:30.782  INFO 2185 --- [    Test worker] o.s.t.c.web.WebTestContextBootstrapper   : Using TestExecutionListeners: [org.springframework.test.context.web.ServletTestExecutionListener@5cb034c9, org.springframework.test.context.support.DirtiesContextBeforeModesTestExecutionListener@a9fa411, org.springframework.test.context.support.DependencyInjectionTestExecutionListener@2d4fd677, org.springframework.test.context.support.DirtiesContextTestExecutionListener@56341401, org.springframework.test.context.transaction.TransactionalTestExecutionListener@b7f7472, org.springframework.test.context.jdbc.SqlScriptsTestExecutionListener@7c37e620]
2016-03-31 09:01:30.924  INFO 2185 --- [    Test worker] o.s.t.c.transaction.TransactionContext   : Began transaction (1) for test context [DefaultTestContext@59faf651 testClass = HealthControllerTest, testInstance = com.areyoutalkingtome.controller.HealthControllerTest@29d6c5f8, testMethod = testInboundPostRequest@HealthControllerTest, testException = [null], mergedContextConfiguration = [WebMergedContextConfiguration@2f986bbf testClass = HealthControllerTest, locations = '{}', classes = '{class com.areyoutalkingtome.AreYouTalkingToMeApplication}', contextInitializerClasses = '[]', activeProfiles = '{}', propertySourceLocations = '{}', propertySourceProperties = '{}', resourceBasePath = 'src/main/webapp', contextLoader = 'org.springframework.boot.test.SpringApplicationContextLoader', parent = [null]]]; transaction manager [org.springframework.orm.jpa.JpaTransactionManager@7ab26b35]; rollback [true]
2016-03-31 09:01:30.935  INFO 2185 --- [    Test worker] o.s.b.test.SpringBootMockServletContext  : Initializing Spring FrameworkServlet ''
2016-03-31 09:01:30.936  INFO 2185 --- [    Test worker] o.s.t.web.servlet.TestDispatcherServlet  : FrameworkServlet '': initialization started
2016-03-31 09:01:30.971  INFO 2185 --- [    Test worker] o.s.t.web.servlet.TestDispatcherServlet  : FrameworkServlet '': initialization completed in 31 ms
Hibernate: select rumessage0_.id as id1_0_, rumessage0_.body as body2_0_, rumessage0_.origin as origin3_0_, rumessage0_.time_sent as time_sen4_0_ from rumessage rumessage0_
Hibernate: insert into rumessage (body, origin, time_sent) values (?, ?, ?)
Hibernate: select rumessage0_.id as id1_0_, rumessage0_.body as body2_0_, rumessage0_.origin as origin3_0_, rumessage0_.time_sent as time_sen4_0_ from rumessage rumessage0_
Hibernate: select rumessage0_.id as id1_0_, rumessage0_.body as body2_0_, rumessage0_.origin as origin3_0_, rumessage0_.time_sent as time_sen4_0_ from rumessage rumessage0_
Hibernate: select rumessage0_.id as id1_0_, rumessage0_.body as body2_0_, rumessage0_.origin as origin3_0_, rumessage0_.time_sent as time_sen4_0_ from rumessage rumessage0_
2016-03-31 09:02:46.633  INFO 2185 --- [    Test worker] o.s.t.c.transaction.TransactionContext   : Rolled back transaction for test context [DefaultTestContext@59faf651 testClass = HealthControllerTest, testInstance = com.areyoutalkingtome.controller.HealthControllerTest@29d6c5f8, testMethod = testInboundPostRequest@HealthControllerTest, testException = [null], mergedContextConfiguration = [WebMergedContextConfiguration@2f986bbf testClass = HealthControllerTest, locations = '{}', classes = '{class com.areyoutalkingtome.AreYouTalkingToMeApplication}', contextInitializerClasses = '[]', activeProfiles = '{}', propertySourceLocations = '{}', propertySourceProperties = '{}', resourceBasePath = 'src/main/webapp', contextLoader = 'org.springframework.boot.test.SpringApplicationContextLoader', parent = [null]]].
]]></system-out>
  <system-err><![CDATA[]]></system-err>
</testsuite>
