<?xml version="1.0" encoding="UTF-8"?>
<testsuite name="com.areyoutalkingtome.repo.RUMessageRepositoryTest" tests="0" skipped="0" failures="0" errors="0" timestamp="1970-01-01T00:00:00" hostname="awesome" time="0.0">
  <properties/>
  <system-out><![CDATA[13:37:14.629 [Test worker] DEBUG o.s.t.c.j.SpringJUnit4ClassRunner - SpringJUnit4ClassRunner constructor called with [class com.areyoutalkingtome.repo.RUMessageRepositoryTest]
13:37:14.630 [Test worker] DEBUG o.s.test.context.BootstrapUtils - Instantiating CacheAwareContextLoaderDelegate from class [org.springframework.test.context.cache.DefaultCacheAwareContextLoaderDelegate]
13:37:14.631 [Test worker] DEBUG o.s.test.context.BootstrapUtils - Instantiating BootstrapContext using constructor [public org.springframework.test.context.support.DefaultBootstrapContext(java.lang.Class,org.springframework.test.context.CacheAwareContextLoaderDelegate)]
13:37:14.642 [Test worker] DEBUG o.s.test.context.BootstrapUtils - Instantiating TestContextBootstrapper for test class [com.areyoutalkingtome.repo.RUMessageRepositoryTest] from class [org.springframework.test.context.web.WebTestContextBootstrapper]
13:37:14.646 [Test worker] DEBUG o.s.t.c.w.WebTestContextBootstrapper - Found explicit ContextLoader class [org.springframework.boot.test.SpringApplicationContextLoader] for context configuration attributes [ContextConfigurationAttributes@324e4459 declaringClass = 'com.areyoutalkingtome.repo.RUMessageRepositoryTest', classes = '{class com.areyoutalkingtome.AreYouTalkingToMeApplication}', locations = '{}', inheritLocations = true, initializers = '{}', inheritInitializers = true, name = [null], contextLoaderClass = 'org.springframework.boot.test.SpringApplicationContextLoader']
13:37:14.649 [Test worker] DEBUG o.s.t.c.s.AbstractContextLoader - Did not detect default resource location for test class [com.areyoutalkingtome.repo.RUMessageRepositoryTest]: class path resource [com/areyoutalkingtome/repo/RUMessageRepositoryTest-context.xml] does not exist
13:37:14.650 [Test worker] DEBUG o.s.t.c.s.AbstractContextLoader - Did not detect default resource location for test class [com.areyoutalkingtome.repo.RUMessageRepositoryTest]: class path resource [com/areyoutalkingtome/repo/RUMessageRepositoryTestContext.groovy] does not exist
13:37:14.651 [Test worker] INFO  o.s.t.c.s.AbstractContextLoader - Could not detect default resource locations for test class [com.areyoutalkingtome.repo.RUMessageRepositoryTest]: no resource found for suffixes {-context.xml, Context.groovy}.
13:37:14.655 [Test worker] DEBUG o.s.t.c.support.ActiveProfilesUtils - Could not find an 'annotation declaring class' for annotation type [org.springframework.test.context.ActiveProfiles] and class [com.areyoutalkingtome.repo.RUMessageRepositoryTest]
13:37:14.655 [Test worker] DEBUG o.s.t.c.w.WebTestContextBootstrapper - @TestExecutionListeners is not present for class [com.areyoutalkingtome.repo.RUMessageRepositoryTest]: using defaults.
13:37:14.666 [Test worker] INFO  o.s.t.c.w.WebTestContextBootstrapper - Loaded default TestExecutionListener class names from location [META-INF/spring.factories]: [org.springframework.test.context.web.ServletTestExecutionListener, org.springframework.test.context.support.DirtiesContextBeforeModesTestExecutionListener, org.springframework.test.context.support.DependencyInjectionTestExecutionListener, org.springframework.test.context.support.DirtiesContextTestExecutionListener, org.springframework.test.context.transaction.TransactionalTestExecutionListener, org.springframework.test.context.jdbc.SqlScriptsTestExecutionListener]
13:37:14.667 [Test worker] INFO  o.s.t.c.w.WebTestContextBootstrapper - Using TestExecutionListeners: [org.springframework.test.context.web.ServletTestExecutionListener@6cd1e98c, org.springframework.test.context.support.DirtiesContextBeforeModesTestExecutionListener@69383c05, org.springframework.test.context.support.DependencyInjectionTestExecutionListener@564d5465, org.springframework.test.context.support.DirtiesContextTestExecutionListener@a435449, org.springframework.test.context.transaction.TransactionalTestExecutionListener@693d5104, org.springframework.test.context.jdbc.SqlScriptsTestExecutionListener@41cd9032]
]]></system-out>
  <system-err><![CDATA[]]></system-err>
</testsuite>
